
📋 ディレクションレポート バッチ生成
   対象: 32件
   モード: 🔴 実行

   1. Izuさん           [teko_member] (p-20251123-Izu)
   2. PAY             [未分類] (p-pay)
   3. PAYさん           [teko_member] (p-20251213-PAY)
   4. RYO             [未分類] (p-ryo)
   5. RYOさん           [teko_member] (p-20260124-RYO)
   6. hiraiさん         [teko_member] (p-20251123-hiraiさん)
   7. hiraiさん         [未分類] (p-2026-02-15_20251123撮影_hiraiさん-30代中盤内資系生保マーケ年収850万円)
   8. kosさん           [teko_member] (p-20260101-kos)
   9. あさかつさん          [teko_member] (p-20260215-あさかつさん)
  10. くますけさん          [teko_member] (p-20260215-クマキくますけ)
  11. けーさん            [teko_member] (p-20260101-けーさん)
  12. こもさん            [teko_member] (p-20251123-こもさん)
  13. さくらさん           [teko_member] (p-20260101-さくら)
  14. さといも・トーマスさん     [teko_realestate] (p-20260101-さといもトーマス)
  15. さるビールさん         [teko_member] (p-20251130-さるビール)
  16. しおさん            [teko_member] (p-20251213-しお)
  17. てぃーひろさん         [teko_member] (p-20251123-てぃーひろニックネーム荒沢)
  18. ひろきょうさん         [teko_member] (p-20260125-ひ樹京ひろきょう)
  19. みんてぃあさん         [teko_member] (p-20251130-みんてぃあ)
  20. やーまんさん          [teko_member] (p-20260124-やーまん)
  21. ゆきもるさん          [teko_member] (p-20251213-ゆきもる)
  22. ゆりかさん           [teko_member] (p-20260101-ゆりか)
  23. りょうすけさん         [teko_member] (p-20251123-りょうすけ)
  24. ろくさん            [teko_member] (p-20260124-ろく)
  25. アンディさん          [teko_member] (p-20260215-アンディ)
  26. コテさん            [teko_member] (p-20260101-コテツ)
  27. スリマンさん          [teko_member] (p-20251213-スリマン)
  28. ハオさん            [teko_member] (p-20260101-ハオ)
  29. メンイチさん          [teko_realestate] (p-20260101-メンイチ)
  30. ロキさん            [teko_member] (p-20260215-ロキ)
  31. 松本さん            [teko_member] (p-20260125-松本)
  32. 真生さん            [teko_member] (p-20251130-真生さん)

🚀 バッチ生成開始...
  🔄 生成中: Izuさん (p-20251123-Izu)
  ✅ Izuさん: success (291.2秒)
  🔄 生成中: PAY (p-pay)
  ✅ PAY: success (1640.5秒)
  🔄 生成中: PAYさん (p-20251213-PAY)
  ✅ PAYさん: success (331.6秒)
  🔄 生成中: RYO (p-ryo)
  ✅ RYO: success (219.7秒)
  🔄 生成中: RYOさん (p-20260124-RYO)
  ✅ RYOさん: success (279.6秒)
  🔄 生成中: hiraiさん (p-20251123-hiraiさん)
  ✅ hiraiさん: success (239.7秒)
  🔄 生成中: hiraiさん (p-2026-02-15_20251123撮影_hiraiさん-30代中盤内資系生保マーケ年収850万円)
  ✅ hiraiさん: success (238.6秒)
  🔄 生成中: kosさん (p-20260101-kos)
  ✅ kosさん: success (319.3秒)
  🔄 生成中: あさかつさん (p-20260215-あさかつさん)
  ✅ あさかつさん: success (292.0秒)
  🔄 生成中: くますけさん (p-20260215-クマキくますけ)
  ✅ くますけさん: success (280.9秒)
  🔄 生成中: けーさん (p-20260101-けーさん)
  ✅ けーさん: success (271.4秒)
  🔄 生成中: こもさん (p-20251123-こもさん)
  ✅ こもさん: success (8508.3秒)
  🔄 生成中: さくらさん (p-20260101-さくら)
  ✅ さくらさん: success (8929.9秒)
  🔄 生成中: さといも・トーマスさん (p-20260101-さといもトーマス)
  ✅ さといも・トーマスさん: success (1116.6秒)
  🔄 生成中: さるビールさん (p-20251130-さるビール)
  ✅ さるビールさん: success (361.2秒)
  🔄 生成中: しおさん (p-20251213-しお)
  ✅ しおさん: success (393.2秒)
  🔄 生成中: てぃーひろさん (p-20251123-てぃーひろニックネーム荒沢)
  ✅ てぃーひろさん: success (327.9秒)
  🔄 生成中: ひろきょうさん (p-20260125-ひ樹京ひろきょう)
  ✅ ひろきょうさん: success (353.0秒)
  🔄 生成中: みんてぃあさん (p-20251130-みんてぃあ)
  ✅ みんてぃあさん: success (405.0秒)
  🔄 生成中: やーまんさん (p-20260124-やーまん)
  ✅ やーまんさん: success (411.3秒)
  🔄 生成中: ゆきもるさん (p-20251213-ゆきもる)
  ✅ ゆきもるさん: success (401.3秒)
  🔄 生成中: ゆりかさん (p-20260101-ゆりか)
  ✅ ゆりかさん: success (389.5秒)
  🔄 生成中: りょうすけさん (p-20251123-りょうすけ)
  ✅ りょうすけさん: success (2331.5秒)
  🔄 生成中: ろくさん (p-20260124-ろく)
  ✅ ろくさん: success (939.8秒)
  🔄 生成中: アンディさん (p-20260215-アンディ)
  ✅ アンディさん: success (1752.4秒)
  🔄 生成中: コテさん (p-20260101-コテツ)
  ✅ コテさん: success (226.3秒)
  🔄 生成中: スリマンさん (p-20251213-スリマン)
  ✅ スリマンさん: success (440.3秒)
  🔄 生成中: ハオさん (p-20260101-ハオ)
  ✅ ハオさん: success (304.5秒)
  🔄 生成中: メンイチさん (p-20260101-メンイチ)
  ✅ メンイチさん: success (283.1秒)
  🔄 生成中: ロキさん (p-20260215-ロキ)
  ✅ ロキさん: success (240.0秒)
  🔄 生成中: 松本さん (p-20260125-松本)
  ✅ 松本さん: success (331.8秒)
  🔄 生成中: 真生さん (p-20251130-真生さん)
  ✅ 真生さん: success (234.0秒)

============================================================
📊 バッチ生成結果
   成功: 32件 / 失敗: 0件
   総実行時間: 33086.0秒

📁 結果保存先: /Users/maekawanaoto/AI開発10/.data/batch_direction_results.json
