{
  "generated_at": "2026-03-29T19:53:57",
  "total": 29,
  "success": 29,
  "errors": 0,
  "total_elapsed": 1037.1,
  "results": [
    {
      "project_id": "p-20251123-Izu",
      "guest_name": "Izuさん",
      "status": "success",
      "elapsed": 47.4,
      "desc_len": 1441,
      "is_fallback": true
    },
    {
      "project_id": "p-20251213-PAY",
      "guest_name": "PAYさん",
      "status": "success",
      "elapsed": 38.0,
      "desc_len": 1610,
      "is_fallback": false
    },
    {
      "project_id": "p-20260124-RYO",
      "guest_name": "RYOさん",
      "status": "success",
      "elapsed": 32.9,
      "desc_len": 1609,
      "is_fallback": false
    },
    {
      "project_id": "p-20251123-hiraiさん",
      "guest_name": "hiraiさん",
      "status": "success",
      "elapsed": 38.2,
      "desc_len": 1326,
      "is_fallback": false
    },
    {
      "project_id": "p-20260101-kos",
      "guest_name": "kosさん",
      "status": "success",
      "elapsed": 37.0,
      "desc_len": 1641,
      "is_fallback": false
    },
    {
      "project_id": "p-20260215-あさかつさん",
      "guest_name": "あさかつさん",
      "status": "success",
      "elapsed": 33.3,
      "desc_len": 1588,
      "is_fallback": false
    },
    {
      "project_id": "p-20260215-クマキくますけ",
      "guest_name": "くますけさん",
      "status": "success",
      "elapsed": 35.7,
      "desc_len": 1420,
      "is_fallback": true
    },
    {
      "project_id": "p-20260101-けーさん",
      "guest_name": "けーさん",
      "status": "success",
      "elapsed": 41.2,
      "desc_len": 1770,
      "is_fallback": false
    },
    {
      "project_id": "p-20251123-こもさん",
      "guest_name": "こもさん",
      "status": "success",
      "elapsed": 35.2,
      "desc_len": 1645,
      "is_fallback": false
    },
    {
      "project_id": "p-20260101-さくら",
      "guest_name": "さくらさん",
      "status": "success",
      "elapsed": 41.1,
      "desc_len": 1632,
      "is_fallback": false
    },
    {
      "project_id": "p-20260101-さといもトーマス",
      "guest_name": "さといも・トーマスさん",
      "status": "success",
      "elapsed": 29.9,
      "desc_len": 1603,
      "is_fallback": false
    },
    {
      "project_id": "p-20251130-さるビール",
      "guest_name": "さるビールさん",
      "status": "success",
      "elapsed": 31.0,
      "desc_len": 1619,
      "is_fallback": false
    },
    {
      "project_id": "p-20251213-しお",
      "guest_name": "しおさん",
      "status": "success",
      "elapsed": 30.0,
      "desc_len": 1626,
      "is_fallback": false
    },
    {
      "project_id": "p-20251123-てぃーひろニックネーム荒沢",
      "guest_name": "てぃーひろさん",
      "status": "success",
      "elapsed": 34.2,
      "desc_len": 1567,
      "is_fallback": false
    },
    {
      "project_id": "p-20260125-ひ樹京ひろきょう",
      "guest_name": "ひろきょうさん",
      "status": "success",
      "elapsed": 31.3,
      "desc_len": 1451,
      "is_fallback": true
    },
    {
      "project_id": "p-20251130-みんてぃあ",
      "guest_name": "みんてぃあさん",
      "status": "success",
      "elapsed": 41.6,
      "desc_len": 1447,
      "is_fallback": true
    },
    {
      "project_id": "p-20260124-やーまん",
      "guest_name": "やーまんさん",
      "status": "success",
      "elapsed": 36.5,
      "desc_len": 1591,
      "is_fallback": false
    },
    {
      "project_id": "p-20251213-ゆきもる",
      "guest_name": "ゆきもるさん",
      "status": "success",
      "elapsed": 35.1,
      "desc_len": 1432,
      "is_fallback": true
    },
    {
      "project_id": "p-20260101-ゆりか",
      "guest_name": "ゆりかさん",
      "status": "success",
      "elapsed": 33.7,
      "desc_len": 1448,
      "is_fallback": true
    },
    {
      "project_id": "p-20251123-りょうすけ",
      "guest_name": "りょうすけさん",
      "status": "success",
      "elapsed": 41.0,
      "desc_len": 1591,
      "is_fallback": false
    },
    {
      "project_id": "p-20260124-ろく",
      "guest_name": "ろくさん",
      "status": "success",
      "elapsed": 36.1,
      "desc_len": 1587,
      "is_fallback": false
    },
    {
      "project_id": "p-20260215-アンディ",
      "guest_name": "アンディさん",
      "status": "success",
      "elapsed": 30.8,
      "desc_len": 1520,
      "is_fallback": false
    },
    {
      "project_id": "p-20260101-コテツ",
      "guest_name": "コテさん",
      "status": "success",
      "elapsed": 22.6,
      "desc_len": 1644,
      "is_fallback": false
    },
    {
      "project_id": "p-20251213-スリマン",
      "guest_name": "スリマンさん",
      "status": "success",
      "elapsed": 35.8,
      "desc_len": 1648,
      "is_fallback": false
    },
    {
      "project_id": "p-20260101-ハオ",
      "guest_name": "ハオさん",
      "status": "success",
      "elapsed": 53.4,
      "desc_len": 1739,
      "is_fallback": false
    },
    {
      "project_id": "p-20260101-メンイチ",
      "guest_name": "メンイチさん",
      "status": "success",
      "elapsed": 35.6,
      "desc_len": 1670,
      "is_fallback": false
    },
    {
      "project_id": "p-20260215-ロキ",
      "guest_name": "ロキさん",
      "status": "success",
      "elapsed": 31.3,
      "desc_len": 1597,
      "is_fallback": false
    },
    {
      "project_id": "p-20260125-松本",
      "guest_name": "松本さん",
      "status": "success",
      "elapsed": 36.2,
      "desc_len": 1444,
      "is_fallback": true
    },
    {
      "project_id": "p-20251130-真生さん",
      "guest_name": "真生さん",
      "status": "success",
      "elapsed": 31.0,
      "desc_len": 1432,
      "is_fallback": true
    }
  ]
}