{
  "generated_at": "2026-03-29T20:12:52",
  "total": 29,
  "success": 29,
  "errors": 0,
  "total_elapsed": 1011.6,
  "results": [
    {
      "project_id": "p-20251123-Izu",
      "guest_name": "Izuさん",
      "status": "success",
      "elapsed": 33.8,
      "desc_len": 1674,
      "is_fallback": false
    },
    {
      "project_id": "p-20251213-PAY",
      "guest_name": "PAYさん",
      "status": "success",
      "elapsed": 33.2,
      "desc_len": 1618,
      "is_fallback": false
    },
    {
      "project_id": "p-20260124-RYO",
      "guest_name": "RYOさん",
      "status": "success",
      "elapsed": 30.9,
      "desc_len": 1633,
      "is_fallback": false
    },
    {
      "project_id": "p-20251123-hiraiさん",
      "guest_name": "hiraiさん",
      "status": "success",
      "elapsed": 27.3,
      "desc_len": 1256,
      "is_fallback": false
    },
    {
      "project_id": "p-20260101-kos",
      "guest_name": "kosさん",
      "status": "success",
      "elapsed": 32.4,
      "desc_len": 1639,
      "is_fallback": false
    },
    {
      "project_id": "p-20260215-あさかつさん",
      "guest_name": "あさかつさん",
      "status": "success",
      "elapsed": 31.8,
      "desc_len": 1689,
      "is_fallback": false
    },
    {
      "project_id": "p-20260215-クマキくますけ",
      "guest_name": "くますけさん",
      "status": "success",
      "elapsed": 34.3,
      "desc_len": 1593,
      "is_fallback": false
    },
    {
      "project_id": "p-20260101-けーさん",
      "guest_name": "けーさん",
      "status": "success",
      "elapsed": 33.7,
      "desc_len": 1729,
      "is_fallback": false
    },
    {
      "project_id": "p-20251123-こもさん",
      "guest_name": "こもさん",
      "status": "success",
      "elapsed": 36.4,
      "desc_len": 1632,
      "is_fallback": false
    },
    {
      "project_id": "p-20260101-さくら",
      "guest_name": "さくらさん",
      "status": "success",
      "elapsed": 32.2,
      "desc_len": 1601,
      "is_fallback": false
    },
    {
      "project_id": "p-20260101-さといもトーマス",
      "guest_name": "さといも・トーマスさん",
      "status": "success",
      "elapsed": 33.3,
      "desc_len": 1662,
      "is_fallback": false
    },
    {
      "project_id": "p-20251130-さるビール",
      "guest_name": "さるビールさん",
      "status": "success",
      "elapsed": 37.1,
      "desc_len": 1717,
      "is_fallback": false
    },
    {
      "project_id": "p-20251213-しお",
      "guest_name": "しおさん",
      "status": "success",
      "elapsed": 36.8,
      "desc_len": 1585,
      "is_fallback": false
    },
    {
      "project_id": "p-20251123-てぃーひろニックネーム荒沢",
      "guest_name": "てぃーひろさん",
      "status": "success",
      "elapsed": 33.3,
      "desc_len": 1649,
      "is_fallback": false
    },
    {
      "project_id": "p-20260125-ひ樹京ひろきょう",
      "guest_name": "ひろきょうさん",
      "status": "success",
      "elapsed": 32.1,
      "desc_len": 1581,
      "is_fallback": false
    },
    {
      "project_id": "p-20251130-みんてぃあ",
      "guest_name": "みんてぃあさん",
      "status": "success",
      "elapsed": 36.6,
      "desc_len": 1716,
      "is_fallback": false
    },
    {
      "project_id": "p-20260124-やーまん",
      "guest_name": "やーまんさん",
      "status": "success",
      "elapsed": 30.1,
      "desc_len": 1664,
      "is_fallback": false
    },
    {
      "project_id": "p-20251213-ゆきもる",
      "guest_name": "ゆきもるさん",
      "status": "success",
      "elapsed": 30.9,
      "desc_len": 1625,
      "is_fallback": false
    },
    {
      "project_id": "p-20260101-ゆりか",
      "guest_name": "ゆりかさん",
      "status": "success",
      "elapsed": 37.5,
      "desc_len": 1650,
      "is_fallback": false
    },
    {
      "project_id": "p-20251123-りょうすけ",
      "guest_name": "りょうすけさん",
      "status": "success",
      "elapsed": 37.1,
      "desc_len": 1631,
      "is_fallback": false
    },
    {
      "project_id": "p-20260124-ろく",
      "guest_name": "ろくさん",
      "status": "success",
      "elapsed": 34.2,
      "desc_len": 1618,
      "is_fallback": false
    },
    {
      "project_id": "p-20260215-アンディ",
      "guest_name": "アンディさん",
      "status": "success",
      "elapsed": 31.0,
      "desc_len": 1585,
      "is_fallback": false
    },
    {
      "project_id": "p-20260101-コテツ",
      "guest_name": "コテさん",
      "status": "success",
      "elapsed": 45.4,
      "desc_len": 1633,
      "is_fallback": false
    },
    {
      "project_id": "p-20251213-スリマン",
      "guest_name": "スリマンさん",
      "status": "success",
      "elapsed": 29.6,
      "desc_len": 1615,
      "is_fallback": false
    },
    {
      "project_id": "p-20260101-ハオ",
      "guest_name": "ハオさん",
      "status": "success",
      "elapsed": 49.6,
      "desc_len": 1780,
      "is_fallback": false
    },
    {
      "project_id": "p-20260101-メンイチ",
      "guest_name": "メンイチさん",
      "status": "success",
      "elapsed": 35.6,
      "desc_len": 1646,
      "is_fallback": false
    },
    {
      "project_id": "p-20260215-ロキ",
      "guest_name": "ロキさん",
      "status": "success",
      "elapsed": 39.3,
      "desc_len": 1576,
      "is_fallback": false
    },
    {
      "project_id": "p-20260125-松本",
      "guest_name": "松本さん",
      "status": "success",
      "elapsed": 37.4,
      "desc_len": 1634,
      "is_fallback": false
    },
    {
      "project_id": "p-20251130-真生さん",
      "guest_name": "真生さん",
      "status": "success",
      "elapsed": 38.5,
      "desc_len": 1522,
      "is_fallback": false
    }
  ]
}