{
  "generated_at": "2026-03-29T21:33:21",
  "total": 29,
  "success": 29,
  "errors": 0,
  "total_elapsed": 1130.0,
  "results": [
    {
      "project_id": "p-20251123-Izu",
      "guest_name": "Izuさん",
      "status": "success",
      "elapsed": 35.2,
      "desc_len": 1789,
      "is_fallback": false
    },
    {
      "project_id": "p-20251213-PAY",
      "guest_name": "PAYさん",
      "status": "success",
      "elapsed": 34.9,
      "desc_len": 1632,
      "is_fallback": false
    },
    {
      "project_id": "p-20260124-RYO",
      "guest_name": "RYOさん",
      "status": "success",
      "elapsed": 40.4,
      "desc_len": 1714,
      "is_fallback": false
    },
    {
      "project_id": "p-20251123-hiraiさん",
      "guest_name": "hiraiさん",
      "status": "success",
      "elapsed": 25.3,
      "desc_len": 1313,
      "is_fallback": false
    },
    {
      "project_id": "p-20260101-kos",
      "guest_name": "kosさん",
      "status": "success",
      "elapsed": 38.3,
      "desc_len": 1703,
      "is_fallback": false
    },
    {
      "project_id": "p-20260215-あさかつさん",
      "guest_name": "あさかつさん",
      "status": "success",
      "elapsed": 40.4,
      "desc_len": 1760,
      "is_fallback": false
    },
    {
      "project_id": "p-20260215-クマキくますけ",
      "guest_name": "くますけさん",
      "status": "success",
      "elapsed": 41.4,
      "desc_len": 1689,
      "is_fallback": false
    },
    {
      "project_id": "p-20260101-けーさん",
      "guest_name": "けーさん",
      "status": "success",
      "elapsed": 37.3,
      "desc_len": 1836,
      "is_fallback": false
    },
    {
      "project_id": "p-20251123-こもさん",
      "guest_name": "こもさん",
      "status": "success",
      "elapsed": 43.3,
      "desc_len": 1766,
      "is_fallback": false
    },
    {
      "project_id": "p-20260101-さくら",
      "guest_name": "さくらさん",
      "status": "success",
      "elapsed": 39.6,
      "desc_len": 1707,
      "is_fallback": false
    },
    {
      "project_id": "p-20260101-さといもトーマス",
      "guest_name": "さといも・トーマスさん",
      "status": "success",
      "elapsed": 37.5,
      "desc_len": 1778,
      "is_fallback": false
    },
    {
      "project_id": "p-20251130-さるビール",
      "guest_name": "さるビールさん",
      "status": "success",
      "elapsed": 43.3,
      "desc_len": 1799,
      "is_fallback": false
    },
    {
      "project_id": "p-20251213-しお",
      "guest_name": "しおさん",
      "status": "success",
      "elapsed": 39.3,
      "desc_len": 1712,
      "is_fallback": false
    },
    {
      "project_id": "p-20251123-てぃーひろニックネーム荒沢",
      "guest_name": "てぃーひろさん",
      "status": "success",
      "elapsed": 46.3,
      "desc_len": 1662,
      "is_fallback": false
    },
    {
      "project_id": "p-20260125-ひ樹京ひろきょう",
      "guest_name": "ひろきょうさん",
      "status": "success",
      "elapsed": 37.2,
      "desc_len": 1702,
      "is_fallback": false
    },
    {
      "project_id": "p-20251130-みんてぃあ",
      "guest_name": "みんてぃあさん",
      "status": "success",
      "elapsed": 42.1,
      "desc_len": 1820,
      "is_fallback": false
    },
    {
      "project_id": "p-20260124-やーまん",
      "guest_name": "やーまんさん",
      "status": "success",
      "elapsed": 42.8,
      "desc_len": 1749,
      "is_fallback": false
    },
    {
      "project_id": "p-20251213-ゆきもる",
      "guest_name": "ゆきもるさん",
      "status": "success",
      "elapsed": 34.0,
      "desc_len": 1705,
      "is_fallback": false
    },
    {
      "project_id": "p-20260101-ゆりか",
      "guest_name": "ゆりかさん",
      "status": "success",
      "elapsed": 42.5,
      "desc_len": 1691,
      "is_fallback": false
    },
    {
      "project_id": "p-20251123-りょうすけ",
      "guest_name": "りょうすけさん",
      "status": "success",
      "elapsed": 39.1,
      "desc_len": 1729,
      "is_fallback": false
    },
    {
      "project_id": "p-20260124-ろく",
      "guest_name": "ろくさん",
      "status": "success",
      "elapsed": 37.8,
      "desc_len": 1712,
      "is_fallback": false
    },
    {
      "project_id": "p-20260215-アンディ",
      "guest_name": "アンディさん",
      "status": "success",
      "elapsed": 32.6,
      "desc_len": 1705,
      "is_fallback": false
    },
    {
      "project_id": "p-20260101-コテツ",
      "guest_name": "コテさん",
      "status": "success",
      "elapsed": 39.5,
      "desc_len": 1764,
      "is_fallback": false
    },
    {
      "project_id": "p-20251213-スリマン",
      "guest_name": "スリマンさん",
      "status": "success",
      "elapsed": 37.0,
      "desc_len": 1764,
      "is_fallback": false
    },
    {
      "project_id": "p-20260101-ハオ",
      "guest_name": "ハオさん",
      "status": "success",
      "elapsed": 56.6,
      "desc_len": 1821,
      "is_fallback": false
    },
    {
      "project_id": "p-20260101-メンイチ",
      "guest_name": "メンイチさん",
      "status": "success",
      "elapsed": 35.2,
      "desc_len": 1700,
      "is_fallback": false
    },
    {
      "project_id": "p-20260215-ロキ",
      "guest_name": "ロキさん",
      "status": "success",
      "elapsed": 32.8,
      "desc_len": 1680,
      "is_fallback": false
    },
    {
      "project_id": "p-20260125-松本",
      "guest_name": "松本さん",
      "status": "success",
      "elapsed": 39.6,
      "desc_len": 1717,
      "is_fallback": false
    },
    {
      "project_id": "p-20251130-真生さん",
      "guest_name": "真生さん",
      "status": "success",
      "elapsed": 38.5,
      "desc_len": 1634,
      "is_fallback": false
    }
  ]
}