{
  "generated_at": "2026-03-28T21:05:25",
  "total": 29,
  "success": 29,
  "errors": 0,
  "total_elapsed": 1187.5,
  "results": [
    {
      "project_id": "p-20251123-Izu",
      "guest_name": "Izuさん",
      "status": "success",
      "elapsed": 98.7,
      "desc_len": 1756,
      "is_fallback": false
    },
    {
      "project_id": "p-20251213-PAY",
      "guest_name": "PAYさん",
      "status": "success",
      "elapsed": 36.8,
      "desc_len": 1587,
      "is_fallback": false
    },
    {
      "project_id": "p-20260124-RYO",
      "guest_name": "RYOさん",
      "status": "success",
      "elapsed": 37.9,
      "desc_len": 1603,
      "is_fallback": false
    },
    {
      "project_id": "p-20251123-hiraiさん",
      "guest_name": "hiraiさん",
      "status": "success",
      "elapsed": 31.9,
      "desc_len": 1264,
      "is_fallback": false
    },
    {
      "project_id": "p-20260101-kos",
      "guest_name": "kosさん",
      "status": "success",
      "elapsed": 43.0,
      "desc_len": 1610,
      "is_fallback": false
    },
    {
      "project_id": "p-20260215-あさかつさん",
      "guest_name": "あさかつさん",
      "status": "success",
      "elapsed": 35.4,
      "desc_len": 1586,
      "is_fallback": false
    },
    {
      "project_id": "p-20260215-クマキくますけ",
      "guest_name": "くますけさん",
      "status": "success",
      "elapsed": 41.8,
      "desc_len": 1420,
      "is_fallback": true
    },
    {
      "project_id": "p-20260101-けーさん",
      "guest_name": "けーさん",
      "status": "success",
      "elapsed": 39.9,
      "desc_len": 1454,
      "is_fallback": true
    },
    {
      "project_id": "p-20251123-こもさん",
      "guest_name": "こもさん",
      "status": "success",
      "elapsed": 40.7,
      "desc_len": 1436,
      "is_fallback": true
    },
    {
      "project_id": "p-20260101-さくら",
      "guest_name": "さくらさん",
      "status": "success",
      "elapsed": 35.4,
      "desc_len": 1603,
      "is_fallback": false
    },
    {
      "project_id": "p-20260101-さといもトーマス",
      "guest_name": "さといも・トーマスさん",
      "status": "success",
      "elapsed": 39.1,
      "desc_len": 1680,
      "is_fallback": false
    },
    {
      "project_id": "p-20251130-さるビール",
      "guest_name": "さるビールさん",
      "status": "success",
      "elapsed": 41.9,
      "desc_len": 1633,
      "is_fallback": false
    },
    {
      "project_id": "p-20251213-しお",
      "guest_name": "しおさん",
      "status": "success",
      "elapsed": 37.8,
      "desc_len": 1626,
      "is_fallback": false
    },
    {
      "project_id": "p-20251123-てぃーひろニックネーム荒沢",
      "guest_name": "てぃーひろさん",
      "status": "success",
      "elapsed": 40.7,
      "desc_len": 1441,
      "is_fallback": true
    },
    {
      "project_id": "p-20260125-ひ樹京ひろきょう",
      "guest_name": "ひろきょうさん",
      "status": "success",
      "elapsed": 34.2,
      "desc_len": 1581,
      "is_fallback": false
    },
    {
      "project_id": "p-20251130-みんてぃあ",
      "guest_name": "みんてぃあさん",
      "status": "success",
      "elapsed": 43.6,
      "desc_len": 1447,
      "is_fallback": true
    },
    {
      "project_id": "p-20260124-やーまん",
      "guest_name": "やーまんさん",
      "status": "success",
      "elapsed": 38.6,
      "desc_len": 1612,
      "is_fallback": false
    },
    {
      "project_id": "p-20251213-ゆきもる",
      "guest_name": "ゆきもるさん",
      "status": "success",
      "elapsed": 40.0,
      "desc_len": 1641,
      "is_fallback": false
    },
    {
      "project_id": "p-20260101-ゆりか",
      "guest_name": "ゆりかさん",
      "status": "success",
      "elapsed": 37.1,
      "desc_len": 1544,
      "is_fallback": false
    },
    {
      "project_id": "p-20251123-りょうすけ",
      "guest_name": "りょうすけさん",
      "status": "success",
      "elapsed": 37.4,
      "desc_len": 1590,
      "is_fallback": false
    },
    {
      "project_id": "p-20260124-ろく",
      "guest_name": "ろくさん",
      "status": "success",
      "elapsed": 41.3,
      "desc_len": 1420,
      "is_fallback": true
    },
    {
      "project_id": "p-20260215-アンディ",
      "guest_name": "アンディさん",
      "status": "success",
      "elapsed": 35.4,
      "desc_len": 1586,
      "is_fallback": false
    },
    {
      "project_id": "p-20260101-コテツ",
      "guest_name": "コテさん",
      "status": "success",
      "elapsed": 35.4,
      "desc_len": 1453,
      "is_fallback": true
    },
    {
      "project_id": "p-20251213-スリマン",
      "guest_name": "スリマンさん",
      "status": "success",
      "elapsed": 41.5,
      "desc_len": 1408,
      "is_fallback": true
    },
    {
      "project_id": "p-20260101-ハオ",
      "guest_name": "ハオさん",
      "status": "success",
      "elapsed": 51.0,
      "desc_len": 1476,
      "is_fallback": true
    },
    {
      "project_id": "p-20260101-メンイチ",
      "guest_name": "メンイチさん",
      "status": "success",
      "elapsed": 40.6,
      "desc_len": 1519,
      "is_fallback": true
    },
    {
      "project_id": "p-20260215-ロキ",
      "guest_name": "ロキさん",
      "status": "success",
      "elapsed": 40.6,
      "desc_len": 1626,
      "is_fallback": false
    },
    {
      "project_id": "p-20260125-松本",
      "guest_name": "松本さん",
      "status": "success",
      "elapsed": 34.0,
      "desc_len": 1656,
      "is_fallback": false
    },
    {
      "project_id": "p-20251130-真生さん",
      "guest_name": "真生さん",
      "status": "success",
      "elapsed": 35.7,
      "desc_len": 1626,
      "is_fallback": false
    }
  ]
}