{
  "generated_at": "2026-03-29T21:24:05",
  "total": 29,
  "success": 29,
  "errors": 0,
  "total_elapsed": 1074.1,
  "results": [
    {
      "project_id": "p-20251123-Izu",
      "guest_name": "Izuさん",
      "status": "success",
      "elapsed": 58.6,
      "desc_len": 1695,
      "is_fallback": false
    },
    {
      "project_id": "p-20251213-PAY",
      "guest_name": "PAYさん",
      "status": "success",
      "elapsed": 34.8,
      "desc_len": 1619,
      "is_fallback": false
    },
    {
      "project_id": "p-20260124-RYO",
      "guest_name": "RYOさん",
      "status": "success",
      "elapsed": 33.0,
      "desc_len": 1664,
      "is_fallback": false
    },
    {
      "project_id": "p-20251123-hiraiさん",
      "guest_name": "hiraiさん",
      "status": "success",
      "elapsed": 17.0,
      "desc_len": 1270,
      "is_fallback": false
    },
    {
      "project_id": "p-20260101-kos",
      "guest_name": "kosさん",
      "status": "success",
      "elapsed": 45.7,
      "desc_len": 1625,
      "is_fallback": false
    },
    {
      "project_id": "p-20260215-あさかつさん",
      "guest_name": "あさかつさん",
      "status": "success",
      "elapsed": 35.7,
      "desc_len": 1600,
      "is_fallback": false
    },
    {
      "project_id": "p-20260215-クマキくますけ",
      "guest_name": "くますけさん",
      "status": "success",
      "elapsed": 40.0,
      "desc_len": 1579,
      "is_fallback": false
    },
    {
      "project_id": "p-20260101-けーさん",
      "guest_name": "けーさん",
      "status": "success",
      "elapsed": 38.8,
      "desc_len": 1693,
      "is_fallback": false
    },
    {
      "project_id": "p-20251123-こもさん",
      "guest_name": "こもさん",
      "status": "success",
      "elapsed": 35.9,
      "desc_len": 1663,
      "is_fallback": false
    },
    {
      "project_id": "p-20260101-さくら",
      "guest_name": "さくらさん",
      "status": "success",
      "elapsed": 32.4,
      "desc_len": 1574,
      "is_fallback": false
    },
    {
      "project_id": "p-20260101-さといもトーマス",
      "guest_name": "さといも・トーマスさん",
      "status": "success",
      "elapsed": 37.2,
      "desc_len": 1694,
      "is_fallback": false
    },
    {
      "project_id": "p-20251130-さるビール",
      "guest_name": "さるビールさん",
      "status": "success",
      "elapsed": 34.7,
      "desc_len": 1647,
      "is_fallback": false
    },
    {
      "project_id": "p-20251213-しお",
      "guest_name": "しおさん",
      "status": "success",
      "elapsed": 32.2,
      "desc_len": 1653,
      "is_fallback": false
    },
    {
      "project_id": "p-20251123-てぃーひろニックネーム荒沢",
      "guest_name": "てぃーひろさん",
      "status": "success",
      "elapsed": 34.4,
      "desc_len": 1657,
      "is_fallback": false
    },
    {
      "project_id": "p-20260125-ひ樹京ひろきょう",
      "guest_name": "ひろきょうさん",
      "status": "success",
      "elapsed": 44.9,
      "desc_len": 1623,
      "is_fallback": false
    },
    {
      "project_id": "p-20251130-みんてぃあ",
      "guest_name": "みんてぃあさん",
      "status": "success",
      "elapsed": 48.2,
      "desc_len": 1707,
      "is_fallback": false
    },
    {
      "project_id": "p-20260124-やーまん",
      "guest_name": "やーまんさん",
      "status": "success",
      "elapsed": 36.3,
      "desc_len": 1647,
      "is_fallback": false
    },
    {
      "project_id": "p-20251213-ゆきもる",
      "guest_name": "ゆきもるさん",
      "status": "success",
      "elapsed": 32.1,
      "desc_len": 1612,
      "is_fallback": false
    },
    {
      "project_id": "p-20260101-ゆりか",
      "guest_name": "ゆりかさん",
      "status": "success",
      "elapsed": 40.1,
      "desc_len": 1606,
      "is_fallback": false
    },
    {
      "project_id": "p-20251123-りょうすけ",
      "guest_name": "りょうすけさん",
      "status": "success",
      "elapsed": 37.4,
      "desc_len": 1621,
      "is_fallback": false
    },
    {
      "project_id": "p-20260124-ろく",
      "guest_name": "ろくさん",
      "status": "success",
      "elapsed": 33.3,
      "desc_len": 1608,
      "is_fallback": false
    },
    {
      "project_id": "p-20260215-アンディ",
      "guest_name": "アンディさん",
      "status": "success",
      "elapsed": 29.6,
      "desc_len": 1624,
      "is_fallback": false
    },
    {
      "project_id": "p-20260101-コテツ",
      "guest_name": "コテさん",
      "status": "success",
      "elapsed": 38.2,
      "desc_len": 1646,
      "is_fallback": false
    },
    {
      "project_id": "p-20251213-スリマン",
      "guest_name": "スリマンさん",
      "status": "success",
      "elapsed": 34.0,
      "desc_len": 1617,
      "is_fallback": false
    },
    {
      "project_id": "p-20260101-ハオ",
      "guest_name": "ハオさん",
      "status": "success",
      "elapsed": 41.8,
      "desc_len": 1672,
      "is_fallback": false
    },
    {
      "project_id": "p-20260101-メンイチ",
      "guest_name": "メンイチさん",
      "status": "success",
      "elapsed": 36.0,
      "desc_len": 1691,
      "is_fallback": false
    },
    {
      "project_id": "p-20260215-ロキ",
      "guest_name": "ロキさん",
      "status": "success",
      "elapsed": 33.7,
      "desc_len": 1616,
      "is_fallback": false
    },
    {
      "project_id": "p-20260125-松本",
      "guest_name": "松本さん",
      "status": "success",
      "elapsed": 31.5,
      "desc_len": 1657,
      "is_fallback": false
    },
    {
      "project_id": "p-20251130-真生さん",
      "guest_name": "真生さん",
      "status": "success",
      "elapsed": 46.1,
      "desc_len": 1606,
      "is_fallback": false
    }
  ]
}