Vimeo動画取得: 352本

同期完了 (2026-03-16T02:40:31.645548)
  突合: 14名 / 更新: 0件 / スキップ: 13件
Vimeo動画取得: 352本

同期完了 (2026-03-16T07:43:16.927132)
  突合: 14名 / 更新: 0件 / スキップ: 13件
Vimeo動画取得: 352本

同期完了 (2026-03-16T07:53:24.425015)
  突合: 14名 / 更新: 0件 / スキップ: 13件
Vimeo動画取得: 352本
対談動画: 77本

⚠ available以外のステータスの対談動画:
  [uploading   ] 真生さん | 54_真生さん_対談_FB修正2_坂野
  [uploading_error] ゆきもるさん | 57_ゆきもるさん_初稿_坂野
  → これらは存在するがまだ利用不可の動画です

マッチングレポート出力: /Users/maekawanaoto/AI開発10/.data/vimeo_match_report.json

同期完了 (2026-03-16T12:11:56.080038)
  突合: 14名 / 未マッチ: 15名 / 更新: 0件 / スキップ: 13件
Vimeo動画取得: 352本
対談動画: 77本

⚠ available以外のステータスの対談動画:
  [uploading   ] 真生さん | 54_真生さん_対談_FB修正2_坂野
  [uploading_error] ゆきもるさん | 57_ゆきもるさん_初稿_坂野
  → これらは存在するがまだ利用不可の動画です

マッチングレポート出力: /Users/maekawanaoto/AI開発10/.data/vimeo_match_report.json

同期完了 (2026-03-16T13:14:13.574308)
  突合: 14名 / 未マッチ: 15名 / 更新: 0件 / スキップ: 13件
Vimeo動画取得: 353本
対談動画: 78本

⚠ available以外のステータスの対談動画:
  [uploading   ] 真生さん | 54_真生さん_対談_FB修正2_坂野
  [uploading_error] ゆきもるさん | 57_ゆきもるさん_初稿_坂野
  → これらは存在するがまだ利用不可の動画です

更新: しおさん | https://vimeo.com/1169268479 → https://vimeo.com/1173887724
更新: ゆきもるさん | https://vimeo.com/1173747716 → https://vimeo.com/1163547512
マッチングレポート出力: /Users/maekawanaoto/AI開発10/.data/vimeo_match_report.json

同期完了 (2026-03-16T14:16:05.096069)
  突合: 14名 / 未マッチ: 15名 / 更新: 2件 / スキップ: 11件
Vimeo動画取得: 354本
対談動画: 79本

⚠ available以外のステータスの対談動画:
  [uploading   ] 真生さん | 54_真生さん_対談_FB修正2_坂野
  [uploading_error] ゆきもるさん | 57_ゆきもるさん_初稿_坂野
  → これらは存在するがまだ利用不可の動画です

更新: PAYさん | https://vimeo.com/1172567733 → https://vimeo.com/1173896594
更新: ゆきもるさん | https://vimeo.com/1163547512 → https://vimeo.com/1173747716
マッチングレポート出力: /Users/maekawanaoto/AI開発10/.data/vimeo_match_report.json

同期完了 (2026-03-16T15:18:24.862847)
  突合: 14名 / 未マッチ: 15名 / 更新: 2件 / スキップ: 11件
Vimeo動画取得: 354本
対談動画: 79本

⚠ available以外のステータスの対談動画:
  [uploading   ] 真生さん | 54_真生さん_対談_FB修正2_坂野
  [uploading_error] ゆきもるさん | 57_ゆきもるさん_初稿_坂野
  → これらは存在するがまだ利用不可の動画です

マッチングレポート出力: /Users/maekawanaoto/AI開発10/.data/vimeo_match_report.json

同期完了 (2026-03-16T16:37:28.881193)
  突合: 14名 / 未マッチ: 15名 / 更新: 0件 / スキップ: 13件
Vimeo動画取得: 100本
対談動画: 38本

⚠ available以外のステータスの対談動画:
  [uploading   ] 真生さん | 54_真生さん_対談_FB修正2_坂野
  [uploading_error] ゆきもるさん | 57_ゆきもるさん_初稿_坂野
  → これらは存在するがまだ利用不可の動画です

マッチングレポート出力: /Users/maekawanaoto/AI開発10/.data/vimeo_match_report.json

同期完了 (2026-03-16T22:19:24.703122)
  突合: 12名 / 未マッチ: 17名 / 更新: 0件 / スキップ: 11件
Vimeo動画取得: 354本
対談動画: 79本

⚠ available以外のステータスの対談動画:
  [uploading   ] 真生さん | 54_真生さん_対談_FB修正2_坂野
  [uploading_error] ゆきもるさん | 57_ゆきもるさん_初稿_坂野
  → これらは存在するがまだ利用不可の動画です

マッチングレポート出力: /Users/maekawanaoto/AI開発10/.data/vimeo_match_report.json

同期完了 (2026-03-17T01:03:34.592971)
  突合: 14名 / 未マッチ: 15名 / 更新: 0件 / スキップ: 13件
Vimeo動画取得: 354本
対談動画: 79本

⚠ available以外のステータスの対談動画:
  [uploading   ] 真生さん | 54_真生さん_対談_FB修正2_坂野
  [uploading_error] ゆきもるさん | 57_ゆきもるさん_初稿_坂野
  → これらは存在するがまだ利用不可の動画です

マッチングレポート出力: /Users/maekawanaoto/AI開発10/.data/vimeo_match_report.json

同期完了 (2026-03-17T02:05:37.205301)
  突合: 14名 / 未マッチ: 15名 / 更新: 0件 / スキップ: 13件
Vimeo動画取得: 354本
対談動画: 79本

⚠ available以外のステータスの対談動画:
  [uploading   ] 真生さん | 54_真生さん_対談_FB修正2_坂野
  [uploading_error] ゆきもるさん | 57_ゆきもるさん_初稿_坂野
  → これらは存在するがまだ利用不可の動画です

マッチングレポート出力: /Users/maekawanaoto/AI開発10/.data/vimeo_match_report.json

同期完了 (2026-03-17T03:07:27.686980)
  突合: 14名 / 未マッチ: 15名 / 更新: 0件 / スキップ: 13件
Vimeo動画取得: 354本
対談動画: 79本

⚠ available以外のステータスの対談動画:
  [uploading   ] 真生さん | 54_真生さん_対談_FB修正2_坂野
  [uploading_error] ゆきもるさん | 57_ゆきもるさん_初稿_坂野
  → これらは存在するがまだ利用不可の動画です

マッチングレポート出力: /Users/maekawanaoto/AI開発10/.data/vimeo_match_report.json

同期完了 (2026-03-17T04:09:32.736134)
  突合: 14名 / 未マッチ: 15名 / 更新: 0件 / スキップ: 13件
Vimeo動画取得: 354本
対談動画: 79本

⚠ available以外のステータスの対談動画:
  [uploading   ] 真生さん | 54_真生さん_対談_FB修正2_坂野
  [uploading_error] ゆきもるさん | 57_ゆきもるさん_初稿_坂野
  → これらは存在するがまだ利用不可の動画です

マッチングレポート出力: /Users/maekawanaoto/AI開発10/.data/vimeo_match_report.json

同期完了 (2026-03-17T06:11:59.195327)
  突合: 14名 / 未マッチ: 15名 / 更新: 0件 / スキップ: 13件
Vimeo動画取得: 354本
対談動画: 79本

⚠ available以外のステータスの対談動画:
  [uploading   ] 真生さん | 54_真生さん_対談_FB修正2_坂野
  [uploading_error] ゆきもるさん | 57_ゆきもるさん_初稿_坂野
  → これらは存在するがまだ利用不可の動画です

更新: PAYさん | https://vimeo.com/1173896594/4718c886cc → https://vimeo.com/1173896594
マッチングレポート出力: /Users/maekawanaoto/AI開発10/.data/vimeo_match_report.json

同期完了 (2026-03-17T07:13:46.573065)
  突合: 14名 / 未マッチ: 15名 / 更新: 1件 / スキップ: 12件
Vimeo動画取得: 354本
対談動画: 79本

⚠ available以外のステータスの対談動画:
  [uploading   ] 真生さん | 54_真生さん_対談_FB修正2_坂野
  [uploading_error] ゆきもるさん | 57_ゆきもるさん_初稿_坂野
  → これらは存在するがまだ利用不可の動画です

更新: りょうすけさん | https://vimeo.com/1171320916 → https://vimeo.com/1171320916/8e109fcce9
更新: さるビールさん | https://vimeo.com/1171266349 → https://vimeo.com/1171266349/f87447e548
更新: けーさん | https://vimeo.com/1124561861 → https://vimeo.com/1124561861/8174886c74
更新: メンイチさん | https://vimeo.com/1118716330 → https://vimeo.com/1118716330/b900b42c21
マッチングレポート出力: /Users/maekawanaoto/AI開発10/.data/vimeo_match_report.json

同期完了 (2026-03-17T08:15:29.932679)
  突合: 14名 / 未マッチ: 15名 / 更新: 4件 / スキップ: 9件
